app/build/outputs/mapping/release/seeds.txt
app.vercel.whoami_sira.twa.DelegationService
app.vercel.whoami_sira.twa.LauncherActivity
app.vercel.whoami_sira.twa.Application
app.vercel.whoami_sira.twa.LauncherActivity: LauncherActivity()
app.vercel.whoami_sira.twa.DelegationService: DelegationService()
app.vercel.whoami_sira.twa.Application: Application()
...
androidx.profileinstaller.ProfileInstallReceiver
androidx.browser.browseractions.BrowserActionsFallbackMenuView
androidx.lifecycle.SavedStateHandleController
androidx.core.graphics.drawable.IconCompatParcelizer
android.support.v4.app.RemoteActionCompatParcelizer
androidx.lifecycle.LifecycleCoroutineScopeImpl
androidx.profileinstaller.ProfileInstallerInitializer
androidx.lifecycle.SingleGeneratedAdapterObserver
com.google.androidbrowserhelper.trusted.NotificationPermissionRequestActivity
androidx.concurrent.futures.AbstractResolvableFuture: androidx.concurrent.futures.AbstractResolvableFuture$Waiter waiters
androidx.versionedparcelable.ParcelImpl: android.os.Parcelable$Creator CREATOR
androidx.concurrent.futures.AbstractResolvableFuture$Waiter: java.lang.Thread thread
androidx.concurrent.futures.AbstractResolvableFuture: java.lang.Object value
androidx.concurrent.futures.AbstractResolvableFuture$Waiter: androidx.concurrent.futures.AbstractResolvableFuture$Waiter next
androidx.concurrent.futures.AbstractResolvableFuture: androidx.concurrent.futures.AbstractResolvableFuture$Listener listeners
androidx.core.app.RemoteActionCompatParcelizer: RemoteActionCompatParcelizer()
androidx.core.app.ActivityCompat$Api23Impl: void onSharedElementsReady(java.lang.Object)
androidx.core.app.NotificationManagerCompat$Api26Impl: void createNotificationChannel(android.app.NotificationManager,android.app.NotificationChannel)
android.support.v4.app.RemoteActionCompatParcelizer: void write(androidx.core.app.RemoteActionCompat,androidx.versionedparcelable.VersionedParcel)
androidx.core.graphics.drawable.IconCompat: IconCompat()
com.google.androidbrowserhelper.trusted.ManageDataLauncherActivity: ManageDataLauncherActivity()
androidx.core.app.ActivityCompat$Api23Impl: boolean shouldShowRequestPermissionRationale(android.app.Activity,java.lang.String)
androidx.core.app.NotificationManagerCompat$Api26Impl: void deleteNotificationChannelGroup(android.app.NotificationManager,java.lang.String)
androidx.profileinstaller.ProfileVerifier$Api33Impl: android.content.pm.PackageInfo getPackageInfo(android.content.pm.PackageManager,android.content.Context)
androidx.core.graphics.drawable.IconCompat$Api28Impl: int getType(java.lang.Object)
androidx.core.app.NotificationManagerCompat$Api26Impl: void createNotificationChannels(android.app.NotificationManager,java.util.List)
androidx.core.app.NotificationManagerCompat$Api26Impl: java.util.List getNotificationChannels(android.app.NotificationManager)
android.support.v4.app.RemoteActionCompatParcelizer: androidx.core.app.RemoteActionCompat read(androidx.versionedparcelable.VersionedParcel)
com.google.androidbrowserhelper.trusted.FocusActivity: FocusActivity()
androidx.core.app.RemoteActionCompatParcelizer: androidx.core.app.RemoteActionCompat read(androidx.versionedparcelable.VersionedParcel)
androidx.core.graphics.drawable.IconCompat$Api28Impl: int getResId(java.lang.Object)
androidx.core.graphics.drawable.IconCompatParcelizer: androidx.core.graphics.drawable.IconCompat read(androidx.versionedparcelable.VersionedParcel)
android.support.v4.graphics.drawable.IconCompatParcelizer: IconCompatParcelizer()
androidx.core.content.ContextCompat$Api21Impl: java.io.File getCodeCacheDir(android.content.Context)
androidx.core.app.NotificationManagerCompat$Api26Impl: java.util.List getNotificationChannelGroups(android.app.NotificationManager)
androidx.profileinstaller.ProfileInstallerInitializer: ProfileInstallerInitializer()
androidx.core.graphics.drawable.IconCompat$Api28Impl: android.net.Uri getUri(java.lang.Object)
com.google.androidbrowserhelper.trusted.NotificationPermissionRequestActivity: NotificationPermissionRequestActivity()
androidx.core.content.FileProvider: FileProvider()
androidx.core.app.NotificationManagerCompat$Api24Impl: boolean areNotificationsEnabled(android.app.NotificationManager)
androidx.versionedparcelable.CustomVersionedParcelable: CustomVersionedParcelable()