app/build/outputs/mapping/release/mapping.txt
# compiler: R8
# compiler_version: 8.9.32
# min_api: 21
# common_typos_disable
# {"id":"com.android.tools.r8.mapping","version":"2.2"}
# pg_map_id: 153f18d
# pg_map_hash: SHA-256 153f18d947c833f657960fed323c38bc07ce1dcb2c5d033eac3d1449b58392e9
app.vercel.whoami_sira.twa.Application -> app.vercel.whoami_sira.twa.Application:
# {"id":"sourceFile","fileName":"Application.java"}
    1:4:void <init>():20:20 -> <init>
    1:4:void onCreate():26:26 -> onCreate
app.vercel.whoami_sira.twa.DelegationService -> app.vercel.whoami_sira.twa.DelegationService:
# {"id":"sourceFile","fileName":"DelegationService.java"}
    1:4:void <init>():5:5 -> <init>
    1:4:void onCreate():9:9 -> onCreate
app.vercel.whoami_sira.twa.LauncherActivity -> app.vercel.whoami_sira.twa.LauncherActivity:
# {"id":"sourceFile","fileName":"LauncherActivity.java"}
    1:4:void <init>():25:25 -> <init>
    1:5:android.net.Uri getLaunchingUrl():48:48 -> h
    1:3:void onCreate(android.os.Bundle):33:33 -> onCreate
    4:10:void onCreate(android.os.Bundle):38:38 -> onCreate
    11:14:void onCreate(android.os.Bundle):39:39 -> onCreate
    15:18:void onCreate(android.os.Bundle):41:41 -> onCreate
...
androidx.browser.trusted.TrustedWebActivityDisplayMode$ImmersiveMode -> f.p$b:
# {"id":"sourceFile","fileName":"TrustedWebActivityDisplayMode.java"}
    boolean mIsSticky -> a
    int mLayoutInDisplayCutoutMode -> b
    1:3:void <init>(boolean,int):94:94 -> <init>
    4:5:void <init>(boolean,int):95:95 -> <init>
    6:8:void <init>(boolean,int):96:96 -> <init>
    1:5:android.os.Bundle toBundle():107:107 -> a
    6:11:android.os.Bundle toBundle():108:108 -> a
    12:18:android.os.Bundle toBundle():109:109 -> a
    19:26:android.os.Bundle toBundle():110:110 -> a
androidx.browser.trusted.TrustedWebActivityIntent -> f.q:
# {"id":"sourceFile","fileName":"TrustedWebActivityIntent.java"}
    android.content.Intent mIntent -> a
    java.util.List mSharedFileUris -> b
    java.util.List mFileHandlingUris -> c
    1:3:void <init>(android.content.Intent,java.util.List,java.util.List):43:43 -> <init>
    4:5:void <init>(android.content.Intent,java.util.List,java.util.List):44:44 -> <init>
    6:7:void <init>(android.content.Intent,java.util.List,java.util.List):45:45 -> <init>
    8:10:void <init>(android.content.Intent,java.util.List,java.util.List):46:46 -> <init>
    1:3:android.content.Intent getIntent():108:108 -> a
    1:18:void grantUriPermissionToProvider(android.content.Context):93:93 -> b
    19:29:void grantUriPermissionToProvider(android.content.Context):94:94 -> b
    30:47:void grantUriPermissionToProvider(android.content.Context):97:97 -> b
    48:59:void grantUriPermissionToProvider(android.content.Context):98:98 -> b
    1:3:void launchTrustedWebActivity(android.content.Context):88:88 -> c
    4:10:void launchTrustedWebActivity(android.content.Context):89:89 -> c
androidx.browser.trusted.TrustedWebActivityIntentBuilder -> f.r:
# {"id":"sourceFile","fileName":"TrustedWebActivityIntentBuilder.java"}
    android.net.Uri mUri -> a
    androidx.browser.customtabs.CustomTabsIntent$Builder mIntentBuilder -> b
      # {"id":"com.android.tools.r8.residualsignature","signature":"Le/d$e;"}
    java.util.List mAdditionalTrustedOrigins -> c
    android.os.Bundle mSplashScreenParams -> d
    androidx.browser.trusted.sharing.ShareData mShareData -> e
      # {"id":"com.android.tools.r8.residualsignature","signature":"Lg/a;"}
    androidx.browser.trusted.sharing.ShareTarget mShareTarget -> f
      # {"id":"com.android.tools.r8.residualsignature","signature":"Lg/b;"}
    android.net.Uri mOriginalLaunchUrl -> g
    int mLaunchHandlerClientMode -> h
    androidx.browser.trusted.TrustedWebActivityDisplayMode mDisplayMode -> i
      # {"id":"com.android.tools.r8.residualsignature","signature":"Lf/p;"}
    int mScreenOrientation -> j
    1:3:void <init>(android.net.Uri):127:127 -> <init>
    4:11:void <init>(android.net.Uri):101:101 -> <init>
    12:13:void <init>(android.net.Uri):113:113 -> <init>
    14:20:void <init>(android.net.Uri):116:116 -> <init>
    21:22:void <init>(android.net.Uri):119:119 -> <init>
    23:25:void <init>(android.net.Uri):128:128 -> <init>
    3:7:androidx.browser.trusted.TrustedWebActivityIntent build(androidx.browser.customtabs.CustomTabsSession):349:349 -> a