app/build/outputs/mapping/release/usage.txt
app.vercel.whoami_sira.twa.R$bool
app.vercel.whoami_sira.twa.R$color
app.vercel.whoami_sira.twa.R$drawable
app.vercel.whoami_sira.twa.R$integer
app.vercel.whoami_sira.twa.R$mipmap
app.vercel.whoami_sira.twa.R$raw
app.vercel.whoami_sira.twa.R$string
app.vercel.whoami_sira.twa.R$xml
app.vercel.whoami_sira.twa.R
...
androidx.browser.customtabs.CustomTabsIntent$ActivitySideSheetRoundedCornersPosition
androidx.browser.customtabs.CustomTabsIntent$Api21Impl
androidx.browser.customtabs.CustomTabsIntent$Api23Impl:
    private void <init>()
androidx.browser.customtabs.CustomTabsIntent$Api24Impl:
    private void <init>()
androidx.browser.customtabs.CustomTabsIntent$Api34Impl:
    private void <init>()
androidx.browser.customtabs.CustomTabsIntent$Api36Impl:
    private void <init>()
androidx.browser.customtabs.CustomTabsIntent$Builder:
    public void <init>(androidx.browser.customtabs.CustomTabsSession)
    public androidx.browser.customtabs.CustomTabsIntent$Builder addDefaultShareMenuItem()
    public androidx.browser.customtabs.CustomTabsIntent$Builder addMenuItem(java.lang.String,android.app.PendingIntent)
    public androidx.browser.customtabs.CustomTabsIntent$Builder addToolbarItem(int,android.graphics.Bitmap,java.lang.String,android.app.PendingIntent)
    public androidx.browser.customtabs.CustomTabsIntent$Builder enableUrlBarHiding()
    public androidx.browser.customtabs.CustomTabsIntent$Builder setActionButton(android.graphics.Bitmap,java.lang.String,android.app.PendingIntent)
    public androidx.browser.customtabs.CustomTabsIntent$Builder setActionButton(android.graphics.Bitmap,java.lang.String,android.app.PendingIntent,boolean)
    public androidx.browser.customtabs.CustomTabsIntent$Builder setActivitySideSheetBreakpointDp(int)
    public androidx.browser.customtabs.CustomTabsIntent$Builder setActivitySideSheetDecorationType(int)
    public androidx.browser.customtabs.CustomTabsIntent$Builder setActivitySideSheetMaximizationEnabled(boolean)
    public androidx.browser.customtabs.CustomTabsIntent$Builder setActivitySideSheetPosition(int)
    public androidx.browser.customtabs.CustomTabsIntent$Builder setActivitySideSheetRoundedCornersPosition(int)
androidx.browser.customtabs.CustomTabsIntent$CloseButtonPosition
androidx.browser.customtabs.CustomTabsIntent$ColorScheme
androidx.browser.customtabs.CustomTabsIntent$ShareState
androidx.browser.customtabs.CustomTabsIntent:
    public static final int ACTIVITY_HEIGHT_ADJUSTABLE
    public static final int ACTIVITY_HEIGHT_DEFAULT
    public static final int ACTIVITY_HEIGHT_FIXED
    private static final int ACTIVITY_HEIGHT_MAX
    public static final int ACTIVITY_SIDE_SHEET_DECORATION_TYPE_DEFAULT
    public static final int ACTIVITY_SIDE_SHEET_DECORATION_TYPE_DIVIDER
    private static final int ACTIVITY_SIDE_SHEET_DECORATION_TYPE_MAX
    public static final int ACTIVITY_SIDE_SHEET_DECORATION_TYPE_NONE
    public static final int ACTIVITY_SIDE_SHEET_DECORATION_TYPE_SHADOW
    public static final int ACTIVITY_SIDE_SHEET_POSITION_DEFAULT
    public static final int ACTIVITY_SIDE_SHEET_POSITION_END
    private static final int ACTIVITY_SIDE_SHEET_POSITION_MAX
    public static final int ACTIVITY_SIDE_SHEET_POSITION_START
    public static final int ACTIVITY_SIDE_SHEET_ROUNDED_CORNERS_POSITION_DEFAULT
    private static final int ACTIVITY_SIDE_SHEET_ROUNDED_CORNERS_POSITION_MAX
    public static final int ACTIVITY_SIDE_SHEET_ROUNDED_CORNERS_POSITION_NONE
    public static final int ACTIVITY_SIDE_SHEET_ROUNDED_CORNERS_POSITION_TOP
    public static final int CLOSE_BUTTON_POSITION_DEFAULT
    public static final int CLOSE_BUTTON_POSITION_END
    private static final int CLOSE_BUTTON_POSITION_MAX
    public static final int CLOSE_BUTTON_POSITION_START
    public static final int COLOR_SCHEME_DARK
    public static final int COLOR_SCHEME_LIGHT
androidx.browser.customtabs.CustomTabsService$1
androidx.browser.customtabs.CustomTabsService$FilePurpose
androidx.browser.customtabs.CustomTabsService$Relation
androidx.browser.customtabs.CustomTabsService$Result
androidx.browser.customtabs.CustomTabsService
androidx.browser.customtabs.CustomTabsServiceConnection:
    android.content.Context getApplicationContext()
androidx.browser.customtabs.CustomTabsSession$1
androidx.browser.customtabs.CustomTabsSession$2